0 info it worked if it ends with ok
1 verbose cli [ '/usr/bin/node', '/usr/bin/npm', 'install', 'pm2', '-g' ]
2 info using npm@1.4.28
3 info using node@v0.10.37
4 verbose node symlink /usr/bin/node
5 verbose cache add [ 'pm2', null ]
6 verbose cache add name=undefined spec="pm2" args=["pm2",null]
7 verbose parsed url { protocol: null,
7 verbose parsed url   slashes: null,
7 verbose parsed url   auth: null,
7 verbose parsed url   host: null,
7 verbose parsed url   port: null,
7 verbose parsed url   hostname: null,
7 verbose parsed url   hash: null,
7 verbose parsed url   search: null,
7 verbose parsed url   query: null,
7 verbose parsed url   pathname: 'pm2',
7 verbose parsed url   path: 'pm2',
7 verbose parsed url   href: 'pm2' }
8 silly lockFile b1fbedd8-pm2 pm2
9 verbose lock pm2 /home/hristian/.npm/b1fbedd8-pm2.lock
10 silly lockFile b1fbedd8-pm2 pm2
11 silly lockFile b1fbedd8-pm2 pm2
12 verbose addNamed [ 'pm2', '' ]
13 verbose addNamed [ null, '*' ]
14 silly lockFile d1072219-pm2 pm2@
15 verbose lock pm2@ /home/hristian/.npm/d1072219-pm2.lock
16 silly addNameRange { name: 'pm2', range: '*', hasData: false }
17 verbose request where is /pm2
18 verbose request registry https://registry.npmjs.org/
19 verbose request id dfa002655efed85e
20 verbose url raw /pm2
21 verbose url resolving [ 'https://registry.npmjs.org/', './pm2' ]
22 verbose url resolved https://registry.npmjs.org/pm2
23 verbose request where is https://registry.npmjs.org/pm2
24 info trying registry request attempt 1 at 14:35:15
25 http GET https://registry.npmjs.org/pm2
26 http 200 https://registry.npmjs.org/pm2
27 silly registry.get cb [ 200,
27 silly registry.get   { server: 'CouchDB/1.6.1 (Erlang OTP/R16B03)',
27 silly registry.get     etag: '"6W5TBD6HSN6NJ8USOY0QKFQ7C"',
27 silly registry.get     'content-type': 'application/json',
27 silly registry.get     'content-encoding': 'gzip',
27 silly registry.get     'cache-control': 'max-age=300',
27 silly registry.get     'content-length': '36042',
27 silly registry.get     'accept-ranges': 'bytes',
27 silly registry.get     date: 'Sat, 02 Jul 2016 11:35:09 GMT',
27 silly registry.get     via: '1.1 varnish',
27 silly registry.get     age: '8',
27 silly registry.get     connection: 'keep-alive',
27 silly registry.get     'x-served-by': 'cache-lhr6324-LHR',
27 silly registry.get     'x-cache': 'HIT',
27 silly registry.get     'x-cache-hits': '1',
27 silly registry.get     'x-timer': 'S1467459309.480639,VS0,VE0',
27 silly registry.get     vary: 'Accept-Encoding' } ]
28 silly addNameRange number 2 { name: 'pm2', range: '*', hasData: true }
29 silly addNameRange versions [ 'pm2',
29 silly addNameRange   [ '0.4.0',
29 silly addNameRange     '0.4.1',
29 silly addNameRange     '0.4.2',
29 silly addNameRange     '0.4.3',
29 silly addNameRange     '0.4.4',
29 silly addNameRange     '0.4.5',
29 silly addNameRange     '0.4.6',
29 silly addNameRange     '0.4.7',
29 silly addNameRange     '0.4.8',
29 silly addNameRange     '0.4.10',
29 silly addNameRange     '0.4.11',
29 silly addNameRange     '0.4.12',
29 silly addNameRange     '0.4.13',
29 silly addNameRange     '0.4.14',
29 silly addNameRange     '0.5.0',
29 silly addNameRange     '0.5.1',
29 silly addNameRange     '0.5.2',
29 silly addNameRange     '0.5.3',
29 silly addNameRange     '0.5.4',
29 silly addNameRange     '0.5.5',
29 silly addNameRange     '0.5.6',
29 silly addNameRange     '0.5.7',
29 silly addNameRange     '0.6.2',
29 silly addNameRange     '0.6.3',
29 silly addNameRange     '0.6.4',
29 silly addNameRange     '0.6.5',
29 silly addNameRange     '0.6.6',
29 silly addNameRange     '0.6.7',
29 silly addNameRange     '0.6.8',
29 silly addNameRange     '0.6.9',
29 silly addNameRange     '0.6.10',
29 silly addNameRange     '0.6.11',
29 silly addNameRange     '0.6.12',
29 silly addNameRange     '0.6.13',
29 silly addNameRange     '0.6.14',
29 silly addNameRange     '0.6.15',
29 silly addNameRange     '0.7.0',
29 silly addNameRange     '0.7.1',
29 silly addNameRange     '0.7.2',
29 silly addNameRange     '0.7.3',
29 silly addNameRange     '0.7.4',
29 silly addNameRange     '0.7.5',
29 silly addNameRange     '0.7.6',
29 silly addNameRange     '0.7.7',
29 silly addNameRange     '0.7.8',
29 silly addNameRange     '0.8.0',
29 silly addNameRange     '0.8.1',
29 silly addNameRange     '0.8.2',
29 silly addNameRange     '0.8.3',
29 silly addNameRange     '0.8.4',
29 silly addNameRange     '0.8.5',
29 silly addNameRange     '0.8.6',
29 silly addNameRange     '0.8.7',
29 silly addNameRange     '0.8.8',
29 silly addNameRange     '0.8.9',
29 silly addNameRange     '0.8.10',
29 silly addNameRange     '0.8.11',
29 silly addNameRange     '0.8.12',
29 silly addNameRange     '0.8.13',
29 silly addNameRange     '0.8.14',
29 silly addNameRange     '0.8.15',
29 silly addNameRange     '0.9.0',
29 silly addNameRange     '0.9.1',
29 silly addNameRange     '0.9.2',
29 silly addNameRange     '0.9.3',
29 silly addNameRange     '0.9.4',
29 silly addNameRange     '0.9.5',
29 silly addNameRange     '0.9.6',
29 silly addNameRange     '0.10.0-beta1',
29 silly addNameRange     '0.10.0-beta2',
29 silly addNameRange     '0.10.0-beta4',
29 silly addNameRange     '0.10.0-beta5',
29 silly addNameRange     '0.10.0-beta6',
29 silly addNameRange     '0.10.0-beta7',
29 silly addNameRange     '0.10.0-beta8',
29 silly addNameRange     '0.10.0-beta9',
29 silly addNameRange     '0.10.0-beta10',
29 silly addNameRange     '0.10.0-beta11',
29 silly addNameRange     '0.10.0-beta12',
29 silly addNameRange     '0.10.0-beta13',
29 silly addNameRange     '0.10.0-beta14',
29 silly addNameRange     '0.10.0-beta15',
29 silly addNameRange     '0.10.0-beta16',
29 silly addNameRange     '0.10.0-beta17',
29 silly addNameRange     '0.10.0-beta18',
29 silly addNameRange     '0.10.0-beta19',
29 silly addNameRange     '0.10.0-beta20',
29 silly addNameRange     '0.10.0-beta21',
29 silly addNameRange     '0.10.0-beta22',
29 silly addNameRange     '0.10.0-beta23',
29 silly addNameRange     '0.10.0-beta25',
29 silly addNameRange     '0.10.0',
29 silly addNameRange     '0.10.1',
29 silly addNameRange     '0.10.2',
29 silly addNameRange     '0.10.3',
29 silly addNameRange     '0.10.4',
29 silly addNameRange     '0.10.5',
29 silly addNameRange     '0.10.6',
29 silly addNameRange     '0.10.7',
29 silly addNameRange     '0.10.8',
29 silly addNameRange     '0.11.0-beta1',
29 silly addNameRange     '0.11.0',
29 silly addNameRange     '0.11.1',
29 silly addNameRange     '0.12.0',
29 silly addNameRange     '0.12.1',
29 silly addNameRange     '0.12.2',
29 silly addNameRange     '0.12.3',
29 silly addNameRange     '0.12.4',
29 silly addNameRange     '0.12.5',
29 silly addNameRange     '0.12.6',
29 silly addNameRange     '0.12.7',
29 silly addNameRange     '0.12.8',
29 silly addNameRange     '0.12.9',
29 silly addNameRange     '0.12.10',
29 silly addNameRange     '0.12.11',
29 silly addNameRange     '0.12.12',
29 silly addNameRange     '0.12.13',
29 silly addNameRange     '0.12.14',
29 silly addNameRange     '0.12.15',
29 silly addNameRange     '0.12.16',
29 silly addNameRange     '0.14.0',
29 silly addNameRange     '0.14.1',
29 silly addNameRange     '0.14.2',
29 silly addNameRange     '0.14.3',
29 silly addNameRange     '0.14.4',
29 silly addNameRange     '0.14.5',
29 silly addNameRange     '0.14.6',
29 silly addNameRange     '0.14.7',
29 silly addNameRange     '0.15.0',
29 silly addNameRange     '0.15.1',
29 silly addNameRange     '0.15.2',
29 silly addNameRange     '0.15.3',
29 silly addNameRange     '0.15.4',
29 silly addNameRange     '0.15.5',
29 silly addNameRange     '0.15.6',
29 silly addNameRange     '0.15.7',
29 silly addNameRange     '0.15.8',
29 silly addNameRange     '0.15.9',
29 silly addNameRange     '0.15.10',
29 silly addNameRange     '1.0.0',
29 silly addNameRange     '1.0.1',
29 silly addNameRange     '1.0.2',
29 silly addNameRange     '1.1.1',
29 silly addNameRange     '1.1.2',
29 silly addNameRange     '1.1.3' ] ]
30 verbose addNamed [ 'pm2', '1.1.3' ]
31 verbose addNamed [ '1.1.3', '1.1.3' ]
32 silly lockFile 3e13e3ae-pm2-1-1-3 pm2@1.1.3
33 verbose lock pm2@1.1.3 /home/hristian/.npm/3e13e3ae-pm2-1-1-3.lock
34 silly lockFile 04b616e2-stry-npmjs-org-pm2-pm2-1-1-3-tgz https://registry.npmjs.org/pm2/-/pm2-1.1.3.tgz
35 verbose lock https://registry.npmjs.org/pm2/-/pm2-1.1.3.tgz /home/hristian/.npm/04b616e2-stry-npmjs-org-pm2-pm2-1-1-3-tgz.lock
36 verbose addRemoteTarball [ 'https://registry.npmjs.org/pm2/-/pm2-1.1.3.tgz',
36 verbose addRemoteTarball   '10cdc3fed782d2c0eb52ce6985597de3ade1f64f' ]
37 info retry fetch attempt 1 at 14:35:15
38 verbose fetch to= /tmp/npm-18348-wK_Tfd2m/registry.npmjs.org/pm2/-/pm2-1.1.3.tgz
39 http GET https://registry.npmjs.org/pm2/-/pm2-1.1.3.tgz
40 http 200 https://registry.npmjs.org/pm2/-/pm2-1.1.3.tgz
41 silly lockFile 04b616e2-stry-npmjs-org-pm2-pm2-1-1-3-tgz https://registry.npmjs.org/pm2/-/pm2-1.1.3.tgz
42 silly lockFile 04b616e2-stry-npmjs-org-pm2-pm2-1-1-3-tgz https://registry.npmjs.org/pm2/-/pm2-1.1.3.tgz
43 silly lockFile 3e13e3ae-pm2-1-1-3 pm2@1.1.3
44 silly lockFile 3e13e3ae-pm2-1-1-3 pm2@1.1.3
45 silly lockFile d1072219-pm2 pm2@
46 silly lockFile d1072219-pm2 pm2@
47 silly resolved [ { name: 'pm2',
47 silly resolved     preferGlobal: true,
47 silly resolved     version: '1.1.3',
47 silly resolved     engines: { node: '>=0.10' },
47 silly resolved     directories: { bin: './bin', lib: './lib', example: './examples' },
47 silly resolved     author:
47 silly resolved      { name: 'Strzelewicz Alexandre',
47 silly resolved        email: 'alexandre@keymetrics.io',
47 silly resolved        url: 'https://keymetrics.io' },
47 silly resolved     maintainers: [ [Object] ],
47 silly resolved     contributors:
47 silly resolved      [ [Object],
47 silly resolved        [Object],
47 silly resolved        [Object],
47 silly resolved        [Object],
47 silly resolved        [Object],
47 silly resolved        [Object],
47 silly resolved        [Object],
47 silly resolved        [Object],
47 silly resolved        [Object],
47 silly resolved        [Object],
47 silly resolved        [Object],
47 silly resolved        [Object],
47 silly resolved        [Object] ],
47 silly resolved     homepage: 'http://pm2.keymetrics.io/',
47 silly resolved     description: 'Production process manager for Node.JS applications with a built-in load balancer.',
47 silly resolved     main: 'index.js',
47 silly resolved     scripts: { test: 'PM2_CONCURRENT_ACTIONS=1 NODE_ENV=test bash test/pm2_programmatic_tests.sh && NODE_ENV=test bash test/pm2_behavior_tests.sh' },
47 silly resolved     keywords:
47 silly resolved      [ 'cli',
47 silly resolved        'fault tolerant',
47 silly resolved        'sysadmin',
47 silly resolved        'tools',
47 silly resolved        'pm2',
47 silly resolved        'logs',
47 silly resolved        'log',
47 silly resolved        'json',
47 silly resolved        'express',
47 silly resolved        'hapi',
47 silly resolved        'kraken',
47 silly resolved        'reload',
47 silly resolved        'microservice',
47 silly resolved        'programmatic',
47 silly resolved        'harmony',
47 silly resolved        'node-pm2',
47 silly resolved        'production',
47 silly resolved        'keymetrics',
47 silly resolved        'node.js monitoring',
47 silly resolved        'strong-pm',
47 silly resolved        'deploy',
47 silly resolved        'deployment',
47 silly resolved        'daemon',
47 silly resolved        'supervisor',
47 silly resolved        'nodemon',
47 silly resolved        'pm2.io',
47 silly resolved        'ghost',
47 silly resolved        'ghost production',
47 silly resolved        'monitoring',
47 silly resolved        'process manager',
47 silly resolved        'forever',
47 silly resolved        'profiling',
47 silly resolved        'probes',
47 silly resolved        'forever-monitor',
47 silly resolved        'keep process alive',
47 silly resolved        'process configuration',
47 silly resolved        'clustering',
47 silly resolved        'cluster cli',
47 silly resolved        'cluster',
47 silly resolved        'cron',
47 silly resolved        'devops',
47 silly resolved        'dev ops' ],
47 silly resolved     bin: { pm2: './bin/pm2', 'pm2-dev': './bin/pm2-dev' },
47 silly resolved     dependencies:
47 silly resolved      { async: '1.5',
47 silly resolved        chalk: '1.1.1',
47 silly resolved        chokidar: '~1.4.0',
47 silly resolved        'cli-table': '0.3.1',
47 silly resolved        'coffee-script': '~1.10.0',
47 silly resolved        commander: '^2.9',
47 silly resolved        cron: '1.1.0',
47 silly resolved        debug: '2.2.0',
47 silly resolved        eventemitter2: '0.4.14',
47 silly resolved        moment: '^2.12',
47 silly resolved        nssocket: '0.6.0',
47 silly resolved        pidusage: '^1.0.1',
47 silly resolved        pmx: '^0.6',
47 silly resolved        vizion: '^0.2',
47 silly resolved        'pm2-axon': '~2.0.9',
47 silly resolved        'pm2-axon-rpc': '0.3.6',
47 silly resolved        'pm2-deploy': '0.2.1',
47 silly resolved        'pm2-multimeter': '0.1.2',
47 silly resolved        shelljs: '0.6.0',
47 silly resolved        yamljs: '0.2.7',
47 silly resolved        semver: '~5.1.0',
47 silly resolved        mkdirp: '0.5.1',
47 silly resolved        'source-map-support': '0.4.0',
47 silly resolved        ikt: 'git+http://ikt.pm2.io/ikt.git#master' },
47 silly resolved     devDependencies: { mocha: '2.x', should: '^8.1.1', 'better-assert': '^1.0.0' },
47 silly resolved     optionalDependencies: { ikt: 'git+http://ikt.pm2.io/ikt.git#master' },
47 silly resolved     bugs: { url: 'https://github.com/Unitech/pm2/issues' },
47 silly resolved     repository: { type: 'git', url: 'git://github.com/Unitech/pm2.git' },
47 silly resolved     license: 'AGPL-3.0',
47 silly resolved     gitHead: '45cc09fc9239df9fca8b0b975b53b59a9306461c',
47 silly resolved     _id: 'pm2@1.1.3',
47 silly resolved     _shasum: '10cdc3fed782d2c0eb52ce6985597de3ade1f64f',
47 silly resolved     _from: 'pm2@',
47 silly resolved     _npmVersion: '2.15.0',
47 silly resolved     _nodeVersion: '4.4.2',
47 silly resolved     _npmUser: { name: 'tknew', email: 'strzelewicz.alexandre@gmail.com' },
47 silly resolved     dist:
47 silly resolved      { shasum: '10cdc3fed782d2c0eb52ce6985597de3ade1f64f',
47 silly resolved        tarball: 'https://registry.npmjs.org/pm2/-/pm2-1.1.3.tgz' },
47 silly resolved     _npmOperationalInternal:
47 silly resolved      { host: 'packages-12-west.internal.npmjs.com',
47 silly resolved        tmp: 'tmp/pm2-1.1.3.tgz_1461610622440_0.5686436609830707' },
47 silly resolved     _resolved: 'https://registry.npmjs.org/pm2/-/pm2-1.1.3.tgz' } ]
48 info install pm2@1.1.3 into /usr/lib
49 info installOne pm2@1.1.3
50 verbose lib/node_modules/pm2 unbuild
51 verbose tar unpack /home/hristian/.npm/pm2/1.1.3/package.tgz
52 silly lockFile 18c8b6c1-tar-usr-lib-node-modules-pm2 tar:///usr/lib/node_modules/pm2
53 verbose lock tar:///usr/lib/node_modules/pm2 /home/hristian/.npm/18c8b6c1-tar-usr-lib-node-modules-pm2.lock
54 silly lockFile 3c12e52c-istian-npm-pm2-1-1-3-package-tgz tar:///home/hristian/.npm/pm2/1.1.3/package.tgz
55 verbose lock tar:///home/hristian/.npm/pm2/1.1.3/package.tgz /home/hristian/.npm/3c12e52c-istian-npm-pm2-1-1-3-package-tgz.lock
56 silly gunzTarPerm modes [ '755', '644' ]
57 error Error: EACCES, mkdir '/usr/lib/node_modules/pm2'
57 error  { [Error: EACCES, mkdir '/usr/lib/node_modules/pm2']
57 error   errno: 3,
57 error   code: 'EACCES',
57 error   path: '/usr/lib/node_modules/pm2',
57 error   fstream_type: 'Directory',
57 error   fstream_path: '/usr/lib/node_modules/pm2',
57 error   fstream_class: 'DirWriter',
57 error   fstream_stack:
57 error    [ '/usr/lib/node_modules/npm/node_modules/fstream/lib/dir-writer.js:36:23',
57 error      '/usr/lib/node_modules/npm/node_modules/mkdirp/index.js:46:53',
57 error      'Object.oncomplete (fs.js:108:15)' ] }
58 error Please try running this command again as root/Administrator.
59 error System Linux 3.13.0-37-generic
60 error command "/usr/bin/node" "/usr/bin/npm" "install" "pm2" "-g"
61 error cwd /home/hristian/projects/jane
62 error node -v v0.10.37
63 error npm -v 1.4.28
64 error path /usr/lib/node_modules/pm2
65 error fstream_path /usr/lib/node_modules/pm2
66 error fstream_type Directory
67 error fstream_class DirWriter
68 error code EACCES
69 error errno 3
70 error stack Error: EACCES, mkdir '/usr/lib/node_modules/pm2'
71 error fstream_stack /usr/lib/node_modules/npm/node_modules/fstream/lib/dir-writer.js:36:23
71 error fstream_stack /usr/lib/node_modules/npm/node_modules/mkdirp/index.js:46:53
71 error fstream_stack Object.oncomplete (fs.js:108:15)
72 verbose exit [ 3, true ]
